<?xml version="1.0" encoding="UTF-8" ?>
<testsuite tests="9" failures="0" name="io.CSVReaderTest" time="0.005" errors="0" skipped="0">
  <properties>
[...]
</properties>
  <testcase classname="io.CSVReaderTest" name="testNoFileToRead" time="0"/>
  <testcase classname="io.CSVReaderTest" name="testverifyFileIsDirectory" time="0"/>
  <testcase classname="io.CSVReaderTest" name="testverifyFileCsv" time="0"/>
  <testcase classname="io.CSVReaderTest" name="testReadFileWithAmountEroorCsv" time="0.003"/>
  <testcase classname="io.CSVReaderTest" name="testverifyFileMultipleExtensionKO" time="0"/>
  <testcase classname="io.CSVReaderTest" name="testReadFileCsvWithoutGoodSeparator" time="0.001"/>
  <testcase classname="io.CSVReaderTest" name="testverifyFileNoFileKO" time="0"/>
  <testcase classname="io.CSVReaderTest" name="testverifyFileFileExtensionKO" time="0"/>
  <testcase classname="io.CSVReaderTest" name="testReadFileCsv" time="0.001"/>
</testsuite>